<?xml version="1.0" encoding="UTF-8"?>
<!-- Generated by org.testng.reporters.JUnitXMLReporter -->
<testsuite hostname="DESKTOP-9IQBETH" ignored="0" name="WeatherTechTests" tests="11" failures="2" timestamp="29 Jun 2020 18:37:01 GMT" time="124.335" errors="0">
  <testcase name="loginTest001" time="3.607" classname="com.weathertech.alltests.TESTS">
    <failure type="java.lang.AssertionError" message="expected [https://www.weathertech.com/my-account/] but found [https://www.weathertech.com/my-account/login/]">
      <![CDATA[java.lang.AssertionError: expected [https://www.weathertech.com/my-account/] but found [https://www.weathertech.com/my-account/login/]
at com.weathertech.alltests.TESTS.loginTest001(TESTS.java:39)
... Removed 31 stack frames]]>
    </failure>
  </testcase> <!-- loginTest001 -->
  <testcase name="loginTest002" time="4.268" classname="com.weathertech.alltests.TESTS"/>
  <testcase name="loginTest003" time="3.916" classname="com.weathertech.alltests.TESTS"/>
  <testcase name="loginTest004" time="3.973" classname="com.weathertech.alltests.TESTS"/>
  <testcase name="regTest001" time="6.516" classname="com.weathertech.alltests.TESTS"/>
  <testcase name="regTest002" time="6.385" classname="com.weathertech.alltests.TESTS"/>
  <testcase name="regTest003" time="11.977" classname="com.weathertech.alltests.TESTS">
    <failure type="org.openqa.selenium.TimeoutException" message="Expected condition failed: waiting for visibility of element located by By.xpath: //div[@class=&amp;apos;errorDetails&amp;apos;] (tried for 5 second(s) with 500 milliseconds interval)">
      <![CDATA[org.openqa.selenium.TimeoutException: Expected condition failed: waiting for visibility of element located by By.xpath: //div[@class='errorDetails'] (tried for 5 second(s) with 500 milliseconds interval)
at org.openqa.selenium.support.ui.WebDriverWait.timeoutException(WebDriverWait.java:113)
at org.openqa.selenium.support.ui.FluentWait.until(FluentWait.java:283)
at com.weathertech.pages.BasePageObject.waitFor(BasePageObject.java:84)
at com.weathertech.pages.BasePageObject.waitForVisibilityOf(BasePageObject.java:95)
at com.weathertech.pages.BasePageObject.find(BasePageObject.java:42)
at com.weathertech.pages.RegistrationPage.getErrorDetailsText(RegistrationPage.java:101)
at com.weathertech.alltests.TESTS.regTest003(TESTS.java:340)
Caused by: org.openqa.selenium.NoSuchElementException: Cannot locate an element using By.xpath: //div[@class='errorDetails']
For documentation on this error, please visit: http://seleniumhq.org/exceptions/no_such_element.html
Build info: version: '3.14.0', revision: 'aacccce0', time: '2018-08-02T20:19:58.91Z'
System info: host: 'DESKTOP-9IQBETH', ip: '192.168.0.17', os.name: 'Windows 10', os.arch: 'amd64', os.version: '10.0', java.version: '1.8.0_241'
Driver info: driver.version: unknown
at org.openqa.selenium.support.ui.ExpectedConditions.lambda$findElement$0(ExpectedConditions.java:896)
at java.util.Optional.orElseThrow(Unknown Source)
at org.openqa.selenium.support.ui.ExpectedConditions.findElement(ExpectedConditions.java:895)
at org.openqa.selenium.support.ui.ExpectedConditions.access$000(ExpectedConditions.java:44)
at org.openqa.selenium.support.ui.ExpectedConditions$7.apply(ExpectedConditions.java:206)
at org.openqa.selenium.support.ui.ExpectedConditions$7.apply(ExpectedConditions.java:202)
at org.openqa.selenium.support.ui.FluentWait.until(FluentWait.java:260)
... 30 more
... Removed 25 stack frames]]>
    </failure>
  </testcase> <!-- regTest003 -->
  <testcase name="socMedLinksTest001" time="3.199" classname="com.weathertech.alltests.TESTS"/>
  <testcase name="socMedLinksTest002" time="4.17" classname="com.weathertech.alltests.TESTS"/>
  <testcase name="socMedLinksTest003" time="4.867" classname="com.weathertech.alltests.TESTS"/>
  <testcase name="socMedLinksTest004" time="4.587" classname="com.weathertech.alltests.TESTS"/>
</testsuite> <!-- WeatherTechTests -->
